/home/linkdata/miniconda2/envs/mlpy/lib/python2.7/site-packages/flask_sqlalchemy/__init__.py:30: ExtDeprecationWarning: Importing flask.ext.sqlalchemy is deprecated, use flask_sqlalchemy instead.
  from flask.ext.sqlalchemy._compat import iteritems, itervalues, xrange, \
/home/linkdata/miniconda2/envs/mlpy/lib/python2.7/site-packages/flask_sqlalchemy/__init__.py:30: ExtDeprecationWarning: Importing flask.ext.sqlalchemy._compat is deprecated, use flask_sqlalchemy._compat instead.
  from flask.ext.sqlalchemy._compat import iteritems, itervalues, xrange, \
werkzeug    : INFO      * Running on http://118.190.132.107:3333/ (Press CTRL+C to quit)
werkzeug    : INFO      * Restarting with stat
/home/linkdata/miniconda2/envs/mlpy/lib/python2.7/site-packages/flask_sqlalchemy/__init__.py:30: ExtDeprecationWarning: Importing flask.ext.sqlalchemy is deprecated, use flask_sqlalchemy instead.
  from flask.ext.sqlalchemy._compat import iteritems, itervalues, xrange, \
/home/linkdata/miniconda2/envs/mlpy/lib/python2.7/site-packages/flask_sqlalchemy/__init__.py:30: ExtDeprecationWarning: Importing flask.ext.sqlalchemy._compat is deprecated, use flask_sqlalchemy._compat instead.
  from flask.ext.sqlalchemy._compat import iteritems, itervalues, xrange, \
werkzeug    : WARNING   * Debugger is active!
werkzeug    : INFO      * Debugger PIN: 166-533-864
elasticsearch: INFO     GET http://118.190.132.107:9200/1007-linux-system-cpu*/linux-system-cpu/_search [status:200 request:0.004s]
hello
[
    [
        "beat.hostname", 
        "metricset.module", 
        "@timestamp", 
        "system.cpu.nice.pct", 
        "system.cpu.user.pct", 
        "beat.name", 
        "_ip_", 
        "_sysNo_", 
        "beat.version", 
        "metricset.name", 
        "system.cpu.system.pct", 
        "system.cpu.idle.pct", 
        "type", 
        "system.cpu.softirq.pct", 
        "system.cpu.cores", 
        "fileName", 
        "metricset.rtt", 
        "_nodeName_", 
        "_port_", 
        "system.cpu.steal.pct", 
        "system.cpu.iowait.pct", 
        "system.cpu.irq.pct"
    ], 
    [
        "localhost.localdomain", 
        "system", 
        "2017-05-20T12:48:37.115+08:00", 
        "0.000000", 
        "0.007200", 
        "localhost.localdomain", 
        "127.0.0.1", 
        "1007", 
        "5.4.0", 
        "cpu", 
        "0.002600", 
        "0.987100", 
        "metricsets", 
        "0.003100", 
        "4", 
        "linux-system-cpu", 
        "366", 
        "node", 
        "9300", 
        "0.000000", 
        "0.000000", 
        "0.000000"
    ], 
    [
        "localhost.localdomain", 
        "system", 
        "2017-05-20T12:48:57.115+08:00", 
        "0.000000", 
        "0.010700", 
        "localhost.localdomain", 
        "127.0.0.1", 
        "1007", 
        "5.4.0", 
        "cpu", 
        "0.004100", 
        "0.981100", 
        "metricsets", 
        "0.003600", 
        "4", 
        "linux-system-cpu", 
        "1351", 
        "node", 
        "9300", 
        "0.000000", 
        "0.000500", 
        "0.000000"
    ], 
    [
        "localhost.localdomain", 
        "system", 
        "2017-05-20T12:49:47.115+08:00", 
        "0.000000", 
        "0.002600", 
        "localhost.localdomain", 
        "127.0.0.1", 
        "1007", 
        "5.4.0", 
        "cpu", 
        "0.003100", 
        "0.990700", 
        "metricsets", 
        "0.003600", 
        "4", 
        "linux-system-cpu", 
        "787", 
        "node", 
        "9300", 
        "0.000000", 
        "0.000000", 
        "0.000000"
    ], 
    [
        "localhost.localdomain", 
        "system", 
        "2017-05-20T12:50:02.115+08:00", 
        "0.000000", 
        "0.013900", 
        "localhost.localdomain", 
        "127.0.0.1", 
        "1007", 
        "5.4.0", 
        "cpu", 
        "0.007200", 
        "0.976900", 
        "metricsets", 
        "0.002100", 
        "4", 
        "linux-system-cpu", 
        "498", 
        "node", 
        "9300", 
        "0.000000", 
        "0.000000", 
        "0.000000"
    ], 
    [
        "localhost.localdomain", 
        "system", 
        "2017-05-20T12:50:57.116+08:00", 
        "0.000000", 
        "0.002600", 
        "localhost.localdomain", 
        "127.0.0.1", 
        "1007", 
        "5.4.0", 
        "cpu", 
        "0.004100", 
        "0.989700", 
        "metricsets", 
        "0.003600", 
        "4", 
        "linux-system-cpu", 
        "496", 
        "node", 
        "9300", 
        "0.000000", 
        "0.000000", 
        "0.000000"
    ], 
    [
        "localhost.localdomain", 
        "system", 
        "2017-05-20T12:51:17.115+08:00", 
        "0.000000", 
        "0.004100", 
        "localhost.localdomain", 
        "127.0.0.1", 
        "1007", 
        "5.4.0", 
        "cpu", 
        "0.003600", 
        "0.988700", 
        "metricsets", 
        "0.003600", 
        "4", 
        "linux-system-cpu", 
        "894", 
        "node", 
        "9300", 
        "0.000000", 
        "0.000000", 
        "0.000000"
    ], 
    [
        "localhost.localdomain", 
        "system", 
        "2017-05-20T12:53:27.114+08:00", 
        "0.000000", 
        "0.004600", 
        "localhost.localdomain", 
        "127.0.0.1", 
        "1007", 
        "5.4.0", 
        "cpu", 
        "0.003500", 
        "0.990400", 
        "metricsets", 
        "0.001500", 
        "4", 
        "linux-system-cpu", 
        "396", 
        "node", 
        "9300", 
        "0.000000", 
        "0.000000", 
        "0.000000"
    ], 
  werkzeug    : INFO     123.112.97.203 - - [14/Dec/2017 17:03:51] "POST /estest HTTP/1.1" 200 -
elasticsearch: INFO     GET http://118.190.132.107:9200/1007-linux-system-cpu*/linux-system-cpu/_search [status:200 request:0.002s]
  [
        "localhost.localdomain", 
        "system", 
        "2017-05-20T12:53:37.115+08:00", 
        "0.000000", 
        "0.013000", 
        "localhost.localdomain", 
        "127.0.0.1", 
        "1007", 
        "5.4.0", 
        "cpu", 
        "0.023900", 
        "0.959000", 
        "metricsets", 
        "0.004100", 
        "4", 
        "linux-system-cpu", 
        "267", 
        "node", 
        "9300", 
        "0.000000", 
        "0.000000", 
        "0.000000"
    ], 
    [
        "localhost.localdomain", 
        "system", 
        "2017-05-20T12:54:22.115+08:00", 
        "0.000000", 
        "0.010400", 
        "localhost.localdomain", 
        "127.0.0.1", 
        "1007", 
        "5.4.0", 
        "cpu", 
        "0.023000", 
        "0.962400", 
        "metricsets", 
        "0.004200", 
        "4", 
        "linux-system-cpu", 
        "271", 
        "node", 
        "9300", 
        "0.000000", 
        "0.000000", 
        "0.000000"
    ], 
    [
        "localhost.localdomain", 
        "system", 
        "2017-05-20T12:54:52.115+08:00", 
        "0.000000", 
        "0.004100", 
        "localhost.localdomain", 
        "127.0.0.1", 
        "1007", 
        "5.4.0", 
        "cpu", 
        "0.004100", 
        "0.987700", 
        "metricsets", 
        "0.003100", 
        "4", 
        "linux-system-cpu", 
        "686", 
        "node", 
        "9300", 
        "0.000000", 
        "0.001000", 
        "0.000000"
    ]
]
hello
[
    [
        "beat.hostname", 
        "metricset.module", 
        "@timestamp", 
        "system.cpu.nice.pct", 
        "system.cpu.user.pct", 
        "beat.name", 
        "_ip_", 
        "_sysNo_", 
        "beat.version", 
        "metricset.name", 
        "system.cpu.system.pct", 
        "system.cpu.idle.pct", 
        "type", 
        "system.cpu.softirq.pct", 
        "system.cpu.cores", 
        "fileName", 
        "metricset.rtt", 
        "_nodeName_", 
        "_port_", 
        "system.cpu.steal.pct", 
        "system.cpu.iowait.pct", 
        "system.cpu.irq.pct"
    ], 
    [
        "localhost.localdomain", 
        "system", 
        "2017-05-20T12:48:37.115+08:00", 
        "0.000000", 
        "0.007200", 
        "localhost.localdomain", 
        "127.0.0.1", 
        "1007", 
        "5.4.0", 
        "cpu", 
        "0.002600", 
        "0.987100", 
        "metricsets", 
        "0.003100", 
        "4", 
        "linux-system-cpu", 
        "366", 
        "node", 
        "9300", 
        "0.000000", 
        "0.000000", 
        "0.000000"
    ], 
    [
        "localhost.localdomain", 
        "system", 
        "2017-05-20T12:48:57.115+08:00", 
        "0.000000", 
        "0.010700", 
        "localhost.localdomain", 
        "127.0.0.1", 
        "1007", 
        "5.4.0", 
        "cpu", 
        "0.004100", 
        "0.981100", 
        "metricsets", 
        "0.003600", 
        "4", 
        "linux-system-cpu", 
        "1351", 
        "node", 
        "9300", 
        "0.000000", 
        "0.000500", 
        "0.000000"
    ], 
    [
        "localhost.localdomain", 
        "system", 
        "2017-05-20T12:49:47.115+08:00", 
        "0.000000", 
        "0.002600", 
        "localhost.localdomain", 
        "127.0.0.1", 
        "1007", 
        "5.4.0", 
        "cpu", 
        "0.003100", 
        "0.990700", 
        "metricsets", 
        "0.003600", 
        "4", 
        "linux-system-cpu", 
        "787", 
        "node", 
        "9300", 
        "0.000000", 
        "0.000000", 
        "0.000000"
    ], 
    [
        "localhost.localdomain", 
        "system", 
        "2017-05-20T12:50:02.115+08:00", 
        "0.000000", 
        "0.013900", 
        "localhost.localdomain", 
        "127.0.0.1", 
        "1007", 
        "5.4.0", 
        "cpu", 
        "0.007200", 
        "0.976900", 
        "metricsets", 
        "0.002100", 
        "4", 
        "linux-system-cpu", 
        "498", 
        "node", 
        "9300", 
        "0.000000", 
        "0.000000", 
        "0.000000"
    ], 
    werkzeug    : INFO     123.112.97.203 - - [14/Dec/2017 17:03:53] "POST /estest HTTP/1.1" 200 -
elasticsearch: INFO     GET http://118.190.132.107:9200/elast-alert-20171208/elast-alert/_search [status:200 request:0.002s]
elasticsearch: INFO     GET http://118.190.132.107:9200/elast-alert-20171208/elast-alert/_search [status:200 request:0.002s]
werkzeug    : INFO     123.112.97.203 - - [14/Dec/2017 18:16:38] "POST /ml_alert_association HTTP/1.1" 200 -
elasticsearch: INFO     GET http://118.190.132.107:9200/elast-alert-20171208/elast-alert/_search [status:200 request:0.002s]
elasticsearch: INFO     GET http://118.190.132.107:9200/elast-alert-20171208/elast-alert/_search [status:200 request:0.001s]
werkzeug    : INFO     123.112.97.203 - - [14/Dec/2017 18:16:51] "POST /ml_alert_association HTTP/1.1" 200 -
elasticsearch: INFO     GET http://118.190.132.107:9200/elast-alert-20171208/elast-alert/_search [status:200 request:0.002s]
elasticsearch: INFO     GET http://118.190.132.107:9200/elast-alert-20171208/elast-alert/_search [status:200 request:0.002s]
[
        "localhost.localdomain", 
        "system", 
        "2017-05-20T12:50:57.116+08:00", 
        "0.000000", 
        "0.002600", 
        "localhost.localdomain", 
        "127.0.0.1", 
        "1007", 
        "5.4.0", 
        "cpu", 
        "0.004100", 
        "0.989700", 
        "metricsets", 
        "0.003600", 
        "4", 
        "linux-system-cpu", 
        "496", 
        "node", 
        "9300", 
        "0.000000", 
        "0.000000", 
        "0.000000"
    ], 
    [
        "localhost.localdomain", 
        "system", 
        "2017-05-20T12:51:17.115+08:00", 
        "0.000000", 
        "0.004100", 
        "localhost.localdomain", 
        "127.0.0.1", 
        "1007", 
        "5.4.0", 
        "cpu", 
        "0.003600", 
        "0.988700", 
        "metricsets", 
        "0.003600", 
        "4", 
        "linux-system-cpu", 
        "894", 
        "node", 
        "9300", 
        "0.000000", 
        "0.000000", 
        "0.000000"
    ], 
    [
        "localhost.localdomain", 
        "system", 
        "2017-05-20T12:53:27.114+08:00", 
        "0.000000", 
        "0.004600", 
        "localhost.localdomain", 
        "127.0.0.1", 
        "1007", 
        "5.4.0", 
        "cpu", 
        "0.003500", 
        "0.990400", 
        "metricsets", 
        "0.001500", 
        "4", 
        "linux-system-cpu", 
        "396", 
        "node", 
        "9300", 
        "0.000000", 
        "0.000000", 
        "0.000000"
    ], 
    [
        "localhost.localdomain", 
        "system", 
        "2017-05-20T12:53:37.115+08:00", 
        "0.000000", 
        "0.013000", 
        "localhost.localdomain", 
        "127.0.0.1", 
        "1007", 
        "5.4.0", 
        "cpu", 
        "0.023900", 
        "0.959000", 
        "metricsets", 
        "0.004100", 
        "4", 
        "linux-system-cpu", 
        "267", 
        "node", 
        "9300", 
        "0.000000", 
        "0.000000", 
        "0.000000"
    ], 
    [
        "localhost.localdomain", 
        "system", 
        "2017-05-20T12:54:22.115+08:00", 
        "0.000000", 
        "0.010400", 
        "localhost.localdomain", 
        "127.0.0.1", 
        "1007", 
        "5.4.0", 
        "cpu", 
        "0.023000", 
        "0.962400", 
        "metricsets", 
        "0.004200", 
        "4", 
        "linux-system-cpu", 
        "271", 
        "node", 
        "9300", 
        "0.000000", 
        "0.000000", 
        "0.000000"
    ], 
    [
        "localhost.localdomain", 
        "system", 
        "2017-05-20T12:54:52.115+08:00", 
        "0.000000", 
        "0.004100", 
        "localhost.localdomain", 
        "127.0.0.1", 
        "1007", 
        "5.4.0", 
        "cpu", 
        "0.004100", 
        "0.987700", 
        "metricsets", 
        "0.003100", 
        "4", 
        "linux-system-cpu", 
        "686", 
        "node", 
        "9300", 
        "0.000000", 
        "0.001000", 
        "0.000000"
    ]
]
elast-alert-20171208 Got 15 Hits: 
None
{}

------------------------ RULES:
数据项分类::数据项名称::评分
elast-alert-20171208 Got 15 Hits: 
None
{}

------------------------ RULES:
数据项分类::数据项名称::评分
elast-alert-20171208 Got 15 Hits: 
None
0) 2017-10-01T11:59:01 20171001115901 MysqlStopUNExpect 
1) 2017-10-01T12:01:01 20171001115901 SQLNonTransientConnectionException 
2) 2017-10-01T12:20:01 20171001122001 NullPointerException 
3) 2017-10-01T12:21:01 20171001122001 NullPointerException 
4) 2017-10-01T12:22:01 20171001122001 NullPointerException 
5) 2017-10-01T12:23:01 20171001122001 NullPointerException 
6) 2017-10-01T12:24:01 20171001122001 NullPointerException 
7) 2017-10-01T13:20:01 20171001132001 MysqlStopUNExpect 
8) 2017-10-01T13:21:01 20171001132001 SQLNonTransientConnectionException 
9) 2017-10-01T13:25:01 20171001132001 OutOfMemoryException 
10) 2017-10-01T13:26:01 20171001132601 BeanDefinitionStoreException 
11) 2017-10-01T13:26:02 20171001132601 NoClassDefFoundError 
12) 2017-10-01T13:27:01 20171001132601 SAXParseException 
13) 2017-10-01T13:28:01 20171001132801 NoSuchBeanDefinitionException 
14) 2017-10-01T13:29:02 20171001132602 NoClassDefFoundError 
{u'20171001132001': u'MysqlStopUNExpect,SQLNonTransientConnectionException,OutOfMemoryException', u'20171001115901': u'MysqlStopUNExpect,SQLNonTransientConnectionException', u'20171001132801': u'NoSuchBeanDefinitionException', u'20171001132602': u'NoClassDefFoundError', u'20171001132601': u'BeanDefinitionStoreException,NoClassDefFoundError,SAXParseException', u'20171001122001': u'NullPointerException,NullPointerException,NullPointerException,NullPointerException,NullPointerException'}
MysqlStopUNExpect,SQLNonTransientConnectionException,OutOfMemoryException
MysqlStopUNExpect,SQLNonTransientConnectionException
NoSuchBeanDefinitionException
NoClassDefFoundError
BeanDefinitionStoreException,NoClassDefFoundError,SAXParseException
NullPointerException,NullPointerException,NullPointerException,NullPointerException,NullPointerException
item: (u'NullPointerException',) , 0.167
item: (u'NoSuchBeanDefinitionException',) , 0.167
item: (u'OutOfMemoryException',) , 0.167
item: (u'BeanDefinitionStoreException',) , 0.167
item: (u'SAXParseException',) , 0.167
item: (u'OutOfMemoryException', u'SQLNonTransientConnectionException') , 0.167
item: (u'MysqlStopUNExpect', u'OutOfMemoryException') , 0.167
item: (u'SAXParseException', u'NoClassDefFoundError') , 0.167
item: (u'SAXParseException', u'BeanDefinitionStoreException') , 0.167
item: (u'NoClassDefFoundError', u'BeanDefinitionStoreException') , 0.167
item: (u'SAXParseException', u'NoClassDefFoundError', u'BeanDefinitionStoreException') , 0.167
item: (u'OutOfMemoryException', u'SQLNonTransientConnectionException', u'MysqlStopUNExpect') , 0.167
item: (u'SQLNonTransientConnectionException',) , 0.333
item: (u'NoClassDefFoundError',) , 0.333
item: (u'MysqlStopUNExpect',) , 0.333
item: (u'MysqlStopUNExpect', u'SQLNonTransientConnectionException') , 0.333

------------------------ RULES:
Rule: (u'SQLNonTransientConnectionException',) ==> (u'OutOfMemoryException',) , 0.500
Rule: (u'MysqlStopUNExpect',) ==> (u'OutOfMemoryException',) , 0.500
Rule: (u'NoClassDefFoundError',) ==> (u'SAXParseException',) , 0.500
Rule: (u'NoClassDefFoundError',) ==> (u'BeanDefinitionStoreException',) , 0.500
Rule: (u'NoClassDefFoundError',) ==> (u'SAXParseException', u'BeanDefinitionStoreException') , 0.500
Rule: (u'SQLNonTransientConnectionException',) ==> (u'OutOfMemoryException', u'MysqlStopUNExpect') , 0.500
Rule: (u'MysqlStopUNExpect',) ==> (u'OutOfMemoryException', u'SQLNonTransientConnectionException') , 0.500
Rule: (u'MysqlStopUNExpect', u'SQLNonTransientConnectionException') ==> (u'OutOfMemoryException',) , 0.500
Rule: (u'OutOfMemoryException',) ==> (u'SQLNonTransientConnectionException',) , 1.000
Rule: (u'OutOfMemoryException',) ==> (u'MysqlStopUNExpect',) , 1.000
Rule: (u'SAXParseException',) ==> (u'NoClassDefFoundError',) , 1.000
Rule: (u'SAXParseException',) ==> (u'BeanDefinitionStoreException',) , 1.000
Rule: (u'BeanDefinitionStoreException',) ==> (u'SAXParseException',) , 1.000
Rule: (u'BeanDefinitionStoreException',) ==> (u'NoClassDefFoundError',) , 1.000
Rule: (u'MysqlStopUNExpect',) ==> (u'SQLNonTransientConnectionException',) , 1.000
Rule: (u'SQLNonTransientConnectionException',) ==> (u'MysqlStopUNExpect',) , 1.000
Rule: (u'SAXParseException',) ==> (u'NoClassDefFoundError', u'BeanDefinitionStoreException') , 1.000
Rule: (u'BeanDefinitionStoreException',) ==> (u'SAXParseException', u'NoClassDefFoundError') , 1.000
Rule: (u'SAXParseException', u'NoClassDefFoundError') ==> (u'BeanDefinitionStoreException',) , 1.000
Rule: (u'SAXParseException', u'BeanDefinitionStoreException') ==> (u'NoClassDefFoundError',) , 1.000
Rule: (u'NoClassDefFoundError', u'BeanDefinitionStoreException') ==> (u'SAXParseException',) , 1.000
Rule: (u'OutOfMemoryException',) ==> (u'MysqlStopUNExpect', u'SQLNonTransientConnectionException') , 1.000
Rule: (u'OutOfMemoryException', u'SQLNonTransientConnectionException') ==> (u'MysqlStopUNExpect',) , 1.000
Rule: (u'OutOfMemoryException', u'MysqlStopUNExpect') ==> (u'SQLNonTransientConwerkzeug    : INFO     123.112.97.203 - - [14/Dec/2017 18:17:06] "POST /ml_alert_association HTTP/1.1" 200 -
werkzeug    : INFO     80.82.78.50 - - [15/Dec/2017 00:30:29] "GET http://www.baidu.com/cache/global/img/gs.gif HTTP/1.1" 404 -
werkzeug    : INFO     80.82.78.50 - - [15/Dec/2017 23:31:54] "GET http://www.baidu.com/cache/global/img/gs.gif HTTP/1.1" 404 -
werkzeug    : INFO     80.82.78.50 - - [16/Dec/2017 22:29:08] "GET http://www.baidu.com/cache/global/img/gs.gif HTTP/1.1" 404 -
werkzeug    : INFO     172.82.166.210 - - [17/Dec/2017 19:58:01] "GET http://www.baidu.com/cache/global/img/gs.gif HTTP/1.1" 404 -
werkzeug    : INFO     80.82.78.50 - - [17/Dec/2017 21:56:31] "GET http://www.baidu.com/cache/global/img/gs.gif HTTP/1.1" 404 -
elasticsearch: INFO     GET http://118.190.132.107:9200/1007-linux-system-cpu*/linux-system-cpu/_search [status:200 request:0.107s]
nectionException',) , 1.000
数据项分类::数据项名称::评分;;频繁项::(u'NullPointerException',)::0.166666666667;;频繁项::(u'NoSuchBeanDefinitionException',)::0.166666666667;;频繁项::(u'OutOfMemoryException',)::0.166666666667;;频繁项::(u'BeanDefinitionStoreException',)::0.166666666667;;频繁项::(u'SAXParseException',)::0.166666666667;;频繁项::(u'OutOfMemoryException', u'SQLNonTransientConnectionException')::0.166666666667;;频繁项::(u'MysqlStopUNExpect', u'OutOfMemoryException')::0.166666666667;;频繁项::(u'SAXParseException', u'NoClassDefFoundError')::0.166666666667;;频繁项::(u'SAXParseException', u'BeanDefinitionStoreException')::0.166666666667;;频繁项::(u'NoClassDefFoundError', u'BeanDefinitionStoreException')::0.166666666667;;频繁项::(u'SAXParseException', u'NoClassDefFoundError', u'BeanDefinitionStoreException')::0.166666666667;;频繁项::(u'OutOfMemoryException', u'SQLNonTransientConnectionException', u'MysqlStopUNExpect')::0.166666666667;;频繁项::(u'SQLNonTransientConnectionException',)::0.333333333333;;频繁项::(u'NoClassDefFoundError',)::0.333333333333;;频繁项::(u'MysqlStopUNExpect',)::0.333333333333;;频繁项::(u'MysqlStopUNExpect', u'SQLNonTransientConnectionException')::0.333333333333;;关联项::(u'SQLNonTransientConnectionException',) ==> (u'OutOfMemoryException',)::0.5;;关联项::(u'MysqlStopUNExpect',) ==> (u'OutOfMemoryException',)::0.5;;关联项::(u'NoClassDefFoundError',) ==> (u'SAXParseException',)::0.5;;关联项::(u'NoClassDefFoundError',) ==> (u'BeanDefinitionStoreException',)::0.5;;关联项::(u'NoClassDefFoundError',) ==> (u'SAXParseException', u'BeanDefinitionStoreException')::0.5;;关联项::(u'SQLNonTransientConnectionException',) ==> (u'OutOfMemoryException', u'MysqlStopUNExpect')::0.5;;关联项::(u'MysqlStopUNExpect',) ==> (u'OutOfMemoryException', u'SQLNonTransientConnectionException')::0.5;;关联项::(u'MysqlStopUNExpect', u'SQLNonTransientConnectionException') ==> (u'OutOfMemoryException',)::0.5;;关联项::(u'OutOfMemoryException',) ==> (u'SQLNonTransientConnectionException',)::1.0;;关联项::(u'OutOfMemoryException',) ==> (u'MysqlStopUNExpect',)::1.0;;关联项::(u'SAXParseException',) ==> (u'NoClassDefFoundError',)::1.0;;关联项::(u'SAXParseException',) ==> (u'BeanDefinitionStoreException',)::1.0;;关联项::(u'BeanDefinitionStoreException',) ==> (u'SAXParseException',)::1.0;;关联项::(u'BeanDefinitionStoreException',) ==> (u'NoClassDefFoundError',)::1.0;;关联项::(u'MysqlStopUNExpect',) ==> (u'SQLNonTransientConnectionException',)::1.0;;关联项::(u'SQLNonTransientConnectionException',) ==> (u'MysqlStopUNExpect',)::1.0;;关联项::(u'SAXParseException',) ==> (u'NoClassDefFoundError', u'BeanDefinitionStoreException')::1.0;;关联项::(u'BeanDefinitionStoreException',) ==> (u'SAXParseException', u'NoClassDefFoundError')::1.0;;关联项::(u'SAXParseException', u'NoClassDefFoundError') ==> (u'BeanDefinitionStoreException',)::1.0;;关联项::(u'SAXParseException', u'BeanDefinitionStoreException') ==> (u'NoClassDefFoundError',)::1.0;;关联项::(u'NoClassDefFoundError', u'BeanDefinitionStoreException') ==> (u'SAXParseException',)::1.0;;关联项::(u'OutOfMemoryException',) ==> (u'MysqlStopUNExpect', u'SQLNonTransientConnectionException')::1.0;;关联项::(u'OutOfMemoryException', u'SQLNonTransientConnectionException') ==> (u'MysqlStopUNExpect',)::1.0;;关联项::(u'OutOfMemoryException', u'MysqlStopUNExpect') ==> (u'SQLNonTransientConnectionException',)::1.0
hello
[
    [
        "beat.hostname", 
        "metricset.module", 
        "@timestamp", 
        "system.cpu.nice.pct", 
        "system.cpu.user.pct", 
        "beat.name", 
        "_ip_", 
        "_sysNo_", 
        "beat.version", 
        "metricset.name", 
        "system.cpu.system.pct", 
        "system.cpu.idle.pct", 
        "type", 
        "system.cpu.softirq.pct", 
        "system.cpu.cores", 
        "fileName", 
        "metricset.rtt", 
        "_nodeName_", 
        "_port_", 
        "system.cpu.steal.pct", 
        "system.cpu.iowait.pct", 
        "system.cpu.irq.pct"
    ], 
    [
        "localhost.localdomain", 
        "system", 
        "2017-05-20T12:48:37.115+08:00", 
        "0.000000", 
        "0.007200", 
        "localhost.localdomain", 
        "127.0.0.1", 
        "1007", 
        "5.4.0", 
        "cpu", 
        "0.002600", 
        "0.987100", 
        "metricsets", 
        "0.003100", 
        "4", 
        "linux-system-cpu", 
        "366", 
        "node", 
        "9300", 
        "0.000000", 
        "0.000000", 
        "0.000000"
    ], 
    [
        "localhost.localdomain", 
        "system", 
        "2017-05-20T12:48:57.115+08:00", 
        "0.000000", 
        "0.010700", 
        "localhost.localdomain", 
        "127.0.0.1", 
        "1007", 
        "5.4.0", 
        "cpu", 
        "0.004100", 
        "0.981100", 
        "metricsets", 
        "0.003600", 
        "4", 
        "linux-system-cpu", 
        "1351", 
        "node", 
        "9300", 
        "0.000000", 
        "0.000500", 
        "0.000000"
    ], 
    [
        "localhost.localdomain", 
        "system", 
        "2017-05-20T12:49:47.115+08:00", 
        "0.000000", 
        "0.002600", 
        "localhost.localdomain", 
        "127.0.0.1", 
        "1007", 
        "5.4.0", 
        "cpu", 
        "0.003100", 
        "0.990700", 
        "metricsets", 
        "0.003600", 
        "4", 
        "linux-system-cpu", 
        "787", 
        "node", 
        "9300", 
        "0.000000", 
        "0.000000", 
        "0.000000"
    ], 
    [
        "localhost.localdomain", 
        "system", 
        "2017-05-20T12:50:02.115+08:00", 
        "0.000000", 
        "0.013900", 
        "localhost.localdomain", 
        "127.0.0.1", 
        "1007", 
        "5.4.0", 
        "cpu", 
        "0.007200", 
        "0.976900", 
        "metricsets", 
        "0.002100", 
        "4", 
        "linux-system-cpu", 
        "498", 
        "node", 
        "9300", 
        "0.000000", 
        "0.000000", 
        "0.000000"
    ], 
    [
        "localhost.localdomain", 
        "system", 
        "2017-05-20T12:50:57.116+08:00", 
        "0.000000", 
        "0.002600", 
        "localhost.localdomain", 
        "127.0.0.1", 
        "1007", 
        "5.4.0", 
        "cpu", 
        "0.004100", 
        "0.989700", 
        "metricsets", 
        "0.003600", 
        "4", 
        "linux-system-cpu", 
        "496", 
        "node", 
        "9300", 
        "0.000000", 
        "0.000000", 
        "0.000000"
    ], 
    [
        "localhost.localdomain", 
        "system", 
        "2017-05-20T12:51:17.115+08:00", 
        "0.000000", 
        "0.004100", 
        "localhost.localdomain", 
        "127.0.0.1", 
        "1007", 
        "5.4.0", 
        "cpu", 
        "0.003600", 
        "0.988700", 
        "metricsets", 
        "0.003600", 
        "4", 
        "linux-system-cpu", 
        "894", 
        "node", 
        "9300", 
        "0.000000", 
        "0.000000", 
        "0.000000"
    ], 
    [
        "localhost.localdomain", 
        "system", 
        "2017-05-20T12:53:27.114+08:00", 
        "0.000000", 
        "0.004600", 
        "localhost.localdomain", 
        "127.0.0.1", 
        "1007", 
        "5.4.0", 
        "cpu", 
        "0.003500", 
        "0.990400", 
        "metricsets", 
        "0.001500", 
        "4", 
        "linux-system-cpu", 
        "396", 
        "node", 
        "9300", 
        "0.000000", 
        "0.000000", 
        "0.000000"
    ], 
    [
        "localhost.localdomain", 
        "system", 
        "2017-05-20T12:53:37.115+08:00", 
        "0.000000", 
        "0.013000", 
        "localhost.localdomain", 
        "127.0.0.1", 
        "1007", 
        "5.4.0", 
        "cpu", 
        "0.023900", 
        "0.959000", 
        "metricsets", 
        "0.004100", 
        "4", 
        "linux-system-cpu", 
        "267", 
        "node", 
        "9300", 
        "0.000000", 
        "0.000000", 
        "0.000000"
    ], 
    [
        "localhost.localdomain", 
        "system", 
        "2017-05-20T12:54:22.werkzeug    : INFO     123.112.97.203 - - [18/Dec/2017 10:13:53] "POST /estest HTTP/1.1" 200 -
werkzeug    : INFO      * Detected change in '/home/linkdata/py_env/linkdata_api_py/app/config.py', reloading
115+08:00", 
        "0.000000", 
        "0.010400", 
        "localhost.localdomain", 
        "127.0.0.1", 
        "1007", 
        "5.4.0", 
        "cpu", 
        "0.023000", 
        "0.962400", 
        "metricsets", 
        "0.004200", 
        "4", 
        "linux-system-cpu", 
        "271", 
        "node", 
        "9300", 
        "0.000000", 
        "0.000000", 
        "0.000000"
    ], 
    [
        "localhost.localdomain", 
        "system", 
        "2017-05-20T12:54:52.115+08:00", 
        "0.000000", 
        "0.004100", 
        "localhost.localdomain", 
        "127.0.0.1", 
        "1007", 
        "5.4.0", 
        "cpu", 
        "0.004100", 
        "0.987700", 
        "metricsets", 
        "0.003100", 
        "4", 
        "linux-system-cpu", 
        "686", 
        "node", 
        "9300", 
        "0.000000", 
        "0.001000", 
        "0.000000"
    ]
]
werkzeug    : INFO      * Restarting with stat
/home/linkdata/miniconda2/envs/mlpy/lib/python2.7/site-packages/flask_sqlalchemy/__init__.py:30: ExtDeprecationWarning: Importing flask.ext.sqlalchemy is deprecated, use flask_sqlalchemy instead.
  from flask.ext.sqlalchemy._compat import iteritems, itervalues, xrange, \
/home/linkdata/miniconda2/envs/mlpy/lib/python2.7/site-packages/flask_sqlalchemy/__init__.py:30: ExtDeprecationWarning: Importing flask.ext.sqlalchemy._compat is deprecated, use flask_sqlalchemy._compat instead.
  from flask.ext.sqlalchemy._compat import iteritems, itervalues, xrange, \
werkzeug    : WARNING   * Debugger is active!
werkzeug    : INFO      * Debugger PIN: 166-533-864
Traceback (most recent call last):
  File "run.py", line 1, in <module>
    from app import create_app
  File "/home/linkdata/py_env/linkdata_api_py/app/__init__.py", line 3, in <module>
    from flask import Flask, request
ImportError: No module named flask
/home/linkdata/miniconda2/envs/mlpy/lib/python2.7/site-packages/flask_sqlalchemy/__init__.py:30: ExtDeprecationWarning: Importing flask.ext.sqlalchemy is deprecated, use flask_sqlalchemy instead.
  from flask.ext.sqlalchemy._compat import iteritems, itervalues, xrange, \
/home/linkdata/miniconda2/envs/mlpy/lib/python2.7/site-packages/flask_sqlalchemy/__init__.py:30: ExtDeprecationWarning: Importing flask.ext.sqlalchemy._compat is deprecated, use flask_sqlalchemy._compat instead.
  from flask.ext.sqlalchemy._compat import iteritems, itervalues, xrange, \
werkzeug    : INFO      * Running on http://localhost:3333/ (Press CTRL+C to quit)
werkzeug    : INFO      * Restarting with stat
/home/linkdata/miniconda2/envs/mlpy/lib/python2.7/site-packages/flask_sqlalchemy/__init__.py:30: ExtDeprecationWarning: Importing flask.ext.sqlalchemy is deprecated, use flask_sqlalchemy instead.
  from flask.ext.sqlalchemy._compat import iteritems, itervalues, xrange, \
/home/linkdata/miniconda2/envs/mlpy/lib/python2.7/site-packages/flask_sqlalchemy/__init__.py:30: ExtDeprecationWarning: Importing flask.ext.sqlalchemy._compat is deprecated, use flask_sqlalchemy._compat instead.
  from flask.ext.sqlalchemy._compat import iteritems, itervalues, xrange, \
werkzeug    : WARNING   * Debugger is active!
werkzeug    : INFO      * Debugger PIN: 166-533-864
/home/linkdata/miniconda2/envs/mlpy/lib/python2.7/site-packages/flask_sqlalchemy/__init__.py:30: ExtDeprecationWarning: Importing flask.ext.sqlalchemy is deprecated, use flask_sqlalchemy instead.
  from flask.ext.sqlalchemy._compat import iteritems, itervalues, xrange, \
/home/linkdata/miniconda2/envs/mlpy/lib/python2.7/site-packages/flask_sqlalchemy/__init__.py:30: ExtDeprecationWarning: Importing flask.ext.sqlalchemy._compat is deprecated, use flask_sqlalchemy._compat instead.
  from flask.ext.sqlalchemy._compat import iteritems, itervalues, xrange, \
werkzeug    : INFO      * Running on http://localhost:3333/ (Press CTRL+C to quit)
werkzeug    : INFO      * Restarting with stat
/home/linkdata/miniconda2/envs/mlpy/lib/python2.7/site-packages/flask_sqlalchemy/__init__.py:30: ExtDeprecationWarning: Importing flask.ext.sqlalchemy is deprecated, use flask_sqlalchemy instead.
  from flask.ext.sqlalchemy._compat import iteritems, itervalues, xrange, \
/home/linkdata/miniconda2/envs/mlpy/lib/python2.7/site-packages/flask_sqlalchemy/__init__.py:30: ExtDeprecationWarning: Importing flask.ext.sqlalchemy._compat is deprecated, use flask_sqlalchemy._compat instead.
  from flask.ext.sqlalchemy._compat import iteritems, itervalues, xrange, \
werkzeug    : WARNING   * Debugger is active!
werkzeug    : INFO      * Debugger PIN: 166-533-864
